app/build/intermediates/manifest_merge_blame_file/debug/processDebugMainManifest/manifest-merger-blame-debug-report.txt
1<?xml version="1.0" encoding="utf-8"?>
2<manifest xmlns:android="http://schemas.android.com/apk/res/android"
3    package="com.example.hdrcamera"
4    android:versionCode="1"
5    android:versionName="1.0.0" >
6
7    <uses-sdk
8        android:minSdkVersion="33"
9        android:targetSdkVersion="35" />
10
11    <uses-permission android:name="android.permission.CAMERA" />
11-->src/main/AndroidManifest.xml:4:5-65
11-->src/main/AndroidManifest.xml:4:22-62
12    <uses-permission android:name="android.permission.RECORD_AUDIO" />
12-->src/main/AndroidManifest.xml:5:5-71
12-->src/main/AndroidManifest.xml:5:22-68
13
14    <!-- Camera hardware features -->
15    <uses-feature
15-->src/main/AndroidManifest.xml:8:5-84
16        android:name="android.hardware.camera"
16-->src/main/AndroidManifest.xml:8:19-57
17        android:required="true" />
17-->src/main/AndroidManifest.xml:8:58-81
18    <uses-feature
18-->src/main/AndroidManifest.xml:9:5-95
19        android:name="android.hardware.camera.autofocus"
19-->src/main/AndroidManifest.xml:9:19-67
20        android:required="false" />
20-->src/main/AndroidManifest.xml:9:68-92
21    <uses-feature
21-->src/main/AndroidManifest.xml:10:5-110
22        android:name="android.hardware.camera.capability.manual_sensor"
22-->src/main/AndroidManifest.xml:10:19-82
23        android:required="false" />
23-->src/main/AndroidManifest.xml:10:83-107
24    <uses-feature
24-->src/main/AndroidManifest.xml:11:5-119
25        android:name="android.hardware.camera.capability.manual_post_processing"
25-->src/main/AndroidManifest.xml:11:19-91
26        android:required="false" />
26-->src/main/AndroidManifest.xml:11:92-116
27    <uses-feature
27-->src/main/AndroidManifest.xml:12:5-78
28        android:glEsVersion="0x00030000"
28-->src/main/AndroidManifest.xml:12:19-51
29        android:required="true" />
29-->src/main/AndroidManifest.xml:12:52-75
30
31    <permission
31-->[androidx.core:core:1.15.0] AndroidManifest.xml:22:5-24:47
32        android:name="com.example.hdrcamera.DYNAMIC_RECEIVER_NOT_EXPORTED_PERMISSION"
32-->[androidx.core:core:1.15.0] AndroidManifest.xml:23:9-81
33        android:protectionLevel="signature" />
33-->[androidx.core:core:1.15.0] AndroidManifest.xml:24:9-44
34
35    <uses-permission android:name="com.example.hdrcamera.DYNAMIC_RECEIVER_NOT_EXPORTED_PERMISSION" />
35-->[androidx.core:core:1.15.0] AndroidManifest.xml:26:5-97
35-->[androidx.core:core:1.15.0] AndroidManifest.xml:26:22-94
36
37    <application
37-->src/main/AndroidManifest.xml:14:5-37:19
38        android:allowBackup="true"
38-->src/main/AndroidManifest.xml:15:9-35
39        android:appComponentFactory="androidx.core.app.CoreComponentFactory"
39-->[androidx.core:core:1.15.0] AndroidManifest.xml:28:18-86
40        android:debuggable="true"
41        android:extractNativeLibs="false"
42        android:hardwareAccelerated="true"
42-->src/main/AndroidManifest.xml:21:9-43
43        android:icon="@android:drawable/ic_menu_camera"
43-->src/main/AndroidManifest.xml:16:9-56
44        android:label="HDR Camera"
44-->src/main/AndroidManifest.xml:17:9-35
45        android:largeHeap="true"
45-->src/main/AndroidManifest.xml:22:9-33
46        android:roundIcon="@android:drawable/ic_menu_camera"
46-->src/main/AndroidManifest.xml:18:9-61
47        android:supportsRtl="true"
47-->src/main/AndroidManifest.xml:19:9-35
48        android:theme="@android:style/Theme.Material.NoActionBar" >
48-->src/main/AndroidManifest.xml:20:9-66
49        <activity
49-->src/main/AndroidManifest.xml:24:9-35:20
50            android:name="com.example.hdrcamera.MainActivity"
50-->src/main/AndroidManifest.xml:25:13-41
51            android:colorMode="hdr"
51-->src/main/AndroidManifest.xml:29:13-36
52            android:configChanges="orientation|screenSize|screenLayout|keyboardHidden"
52-->src/main/AndroidManifest.xml:28:13-87
53            android:exported="true"
53-->src/main/AndroidManifest.xml:26:13-36
54            android:screenOrientation="portrait"
54-->src/main/AndroidManifest.xml:27:13-49
55            android:theme="@android:style/Theme.Material.NoActionBar.Fullscreen" >
55-->src/main/AndroidManifest.xml:30:13-81
56            <intent-filter>
56-->src/main/AndroidManifest.xml:31:13-34:29
57                <action android:name="android.intent.action.MAIN" />
57-->src/main/AndroidManifest.xml:32:17-69
57-->src/main/AndroidManifest.xml:32:25-66
58
59                <category android:name="android.intent.category.LAUNCHER" />
59-->src/main/AndroidManifest.xml:33:17-77
59-->src/main/AndroidManifest.xml:33:27-74
60            </intent-filter>
61        </activity>
62        <activity
62-->[androidx.compose.ui:ui-tooling-android:1.7.5] AndroidManifest.xml:23:9-25:39
63            android:name="androidx.compose.ui.tooling.PreviewActivity"
63-->[androidx.compose.ui:ui-tooling-android:1.7.5] AndroidManifest.xml:24:13-71
64            android:exported="true" />
64-->[androidx.compose.ui:ui-tooling-android:1.7.5] AndroidManifest.xml:25:13-36
65        <activity
65-->[androidx.compose.ui:ui-test-manifest:1.7.5] AndroidManifest.xml:23:9-25:39
66            android:name="androidx.activity.ComponentActivity"
66-->[androidx.compose.ui:ui-test-manifest:1.7.5] AndroidManifest.xml:24:13-63
67            android:exported="true" />
67-->[androidx.compose.ui:ui-test-manifest:1.7.5] AndroidManifest.xml:25:13-36
68
69        <provider
69-->[androidx.emoji2:emoji2:1.3.0] AndroidManifest.xml:24:9-32:20
70            android:name="androidx.startup.InitializationProvider"
70-->[androidx.emoji2:emoji2:1.3.0] AndroidManifest.xml:25:13-67
71            android:authorities="com.example.hdrcamera.androidx-startup"
71-->[androidx.emoji2:emoji2:1.3.0] AndroidManifest.xml:26:13-68
72            android:exported="false" >
72-->[androidx.emoji2:emoji2:1.3.0] AndroidManifest.xml:27:13-37
73            <meta-data
73-->[androidx.emoji2:emoji2:1.3.0] AndroidManifest.xml:29:13-31:52
74                android:name="androidx.emoji2.text.EmojiCompatInitializer"
74-->[androidx.emoji2:emoji2:1.3.0] AndroidManifest.xml:30:17-75
75                android:value="androidx.startup" />
75-->[androidx.emoji2:emoji2:1.3.0] AndroidManifest.xml:31:17-49
76            <meta-data
76-->[androidx.lifecycle:lifecycle-process:2.8.7] AndroidManifest.xml:29:13-31:52
77                android:name="androidx.lifecycle.ProcessLifecycleInitializer"
77-->[androidx.lifecycle:lifecycle-process:2.8.7] AndroidManifest.xml:30:17-78
78                android:value="androidx.startup" />
78-->[androidx.lifecycle:lifecycle-process:2.8.7] AndroidManifest.xml:31:17-49
79            <meta-data
79-->[androidx.profileinstaller:profileinstaller:1.3.1] AndroidManifest.xml:29:13-31:52
80                android:name="androidx.profileinstaller.ProfileInstallerInitializer"
80-->[androidx.profileinstaller:profileinstaller:1.3.1] AndroidManifest.xml:30:17-85
81                android:value="androidx.startup" />
81-->[androidx.profileinstaller:profileinstaller:1.3.1] AndroidManifest.xml:31:17-49
82        </provider>
83
84        <receiver
84-->[androidx.profileinstaller:profileinstaller:1.3.1] AndroidManifest.xml:34:9-52:20
85            android:name="androidx.profileinstaller.ProfileInstallReceiver"
85-->[androidx.profileinstaller:profileinstaller:1.3.1] AndroidManifest.xml:35:13-76
86            android:directBootAware="false"
86-->[androidx.profileinstaller:profileinstaller:1.3.1] AndroidManifest.xml:36:13-44
87            android:enabled="true"
87-->[androidx.profileinstaller:profileinstaller:1.3.1] AndroidManifest.xml:37:13-35
88            android:exported="true"
88-->[androidx.profileinstaller:profileinstaller:1.3.1] AndroidManifest.xml:38:13-36
89            android:permission="android.permission.DUMP" >
89-->[androidx.profileinstaller:profileinstaller:1.3.1] AndroidManifest.xml:39:13-57
90            <intent-filter>
90-->[androidx.profileinstaller:profileinstaller:1.3.1] AndroidManifest.xml:40:13-42:29
91                <action android:name="androidx.profileinstaller.action.INSTALL_PROFILE" />
91-->[androidx.profileinstaller:profileinstaller:1.3.1] AndroidManifest.xml:41:17-91
91-->[androidx.profileinstaller:profileinstaller:1.3.1] AndroidManifest.xml:41:25-88
92            </intent-filter>
93            <intent-filter>
93-->[androidx.profileinstaller:profileinstaller:1.3.1] AndroidManifest.xml:43:13-45:29
94                <action android:name="androidx.profileinstaller.action.SKIP_FILE" />
94-->[androidx.profileinstaller:profileinstaller:1.3.1] AndroidManifest.xml:44:17-85
94-->[androidx.profileinstaller:profileinstaller:1.3.1] AndroidManifest.xml:44:25-82
95            </intent-filter>
96            <intent-filter>
96-->[androidx.profileinstaller:profileinstaller:1.3.1] AndroidManifest.xml:46:13-48:29
97                <action android:name="androidx.profileinstaller.action.SAVE_PROFILE" />
97-->[androidx.profileinstaller:profileinstaller:1.3.1] AndroidManifest.xml:47:17-88
97-->[androidx.profileinstaller:profileinstaller:1.3.1] AndroidManifest.xml:47:25-85
98            </intent-filter>
99            <intent-filter>
99-->[androidx.profileinstaller:profileinstaller:1.3.1] AndroidManifest.xml:49:13-51:29
100                <action android:name="androidx.profileinstaller.action.BENCHMARK_OPERATION" />
100-->[androidx.profileinstaller:profileinstaller:1.3.1] AndroidManifest.xml:50:17-95
100-->[androidx.profileinstaller:profileinstaller:1.3.1] AndroidManifest.xml:50:25-92
101            </intent-filter>
102        </receiver>
103    </application>
104
105</manifest>